<?xml version="1.0" encoding="UTF-8" standalone="no"?>
<!DOCTYPE log SYSTEM "logger.dtd">
<log>
<record>
  <date>2018-05-16T18:16:06</date>
  <millis>1526508966790</millis>
  <sequence>0</sequence>
  <logger>global</logger>
  <level>WARNING</level>
  <class>os.hw3.Fat32Reader</class>
  <method>newFile</method>
  <thread>1</thread>
  <message>fun can only create file with '.' and extension</message>
</record>
<record>
  <date>2018-05-16T18:16:19</date>
  <millis>1526508979594</millis>
  <sequence>1</sequence>
  <logger>global</logger>
  <level>WARNING</level>
  <class>os.hw3.Fat32Reader</class>
  <method>ls</method>
  <thread>1</thread>
  <message>., is not a directory.</message>
</record>
</log>
